tao/construct/backend
tao/construct/code
tao/construct/frontend
tao/datastore/worker
tao/deliver/backend
tao/deliver/bootstrap
tao/deliver/code
tao/deliver/sandbox
tao/deliver/static
tao/devkit/backend
tao/devkit/code
tao/dynamic-query/api
tao/environment-management/auth-server
tao/environment-management/envoy
tao/environment-management/lti-gateway
tao/environment-management/sidecar
tao/hierarchy/backend
tao/portal/backend
tao/portal/bootstrap
tao/portal/static
tao/setup/controller
tao/simple-reports/backend
tao/simple-reports/code
tao/timers/backend
tao/task-orchestrator/backend
tao/task-orchestrator/code
services/pubsub/cli
services/firestore-emulator
services/pubsub-emulator
build/php
build/node
devcontainer
