php-ast
php-bcmath
php-brotli
php-dba
php-gd
php-gmp
php-intl
php-ldap
php-lz4
php-mbstring
php-mysqlnd
php-opcache
php-pdo
php-pgsql
php-soap
php-sodium
php-tidy
php-xml
php-xz
php-zstd
php-process
php-pecl-amqp
php-pecl-apcu
https://mirror.speedpartner.de/remi-archive/fedora/39/php82/@@ARCH@@/php-pecl-grpc-1.60.0-1.fc39.remi.8.2.@@ARCH@@.rpm
php-pecl-igbinary
php-pecl-imagick
https://mirror.speedpartner.de/remi-archive/fedora/39/php82/@@ARCH@@/php-pecl-protobuf-3.24.3-1.fc39.remi.8.2.@@ARCH@@.rpm
php-pecl-ssh2
php-pecl-xlswriter
php-pecl-yaml
php-pecl-zip
php-pecl-redis
php-cli
composer
